all-themes-1.0.10.jar
async-http-client-1.7.5.jar
atmosphere-runtime-1.0.13.jar
commons-codec-1.5.jar
commons-fileupload-1.3.jar
commons-io-2.4.jar
commons-lang3-3.1.jar
commons-logging-1.1.2.jar
dom4j-1.6.1.jar
gson-2.2.2.jar
itext-2.1.7.jar
jarfile.lst
javax.faces-2.1.23.jar
jboss-el-2.0.2.CR2.jar
jcommon-1.0.16.jar
jdom-1.0.jar
jfreechart-1.0.13.jar
jstl-1.2.jar
netty-3.4.4.Final.jar
poi-3.9.jar
poi-ooxml-3.9.jar
poi-ooxml-schemas-3.9.jar
primefaces-4.0-SNAPSHOT.jar
primefaces-extensions-1.0.0-20130616.040449-35.jar
primefaces-mobile-0.9.5-SNAPSHOT.jar
resources-ckeditor-1.0.0-20130616.040539-35.jar
resources-codemirror-1.0.0-20130616.040655-35.jar
rome-1.0.jar
slf4j-api-1.6.1.jar
slf4j-simple-1.6.6.jar
stax-api-1.0.1.jar
xmlbeans-2.3.0.jar
