all-themes-1.0.10.jar
async-http-client-1.7.5.jar
atmosphere-compat-jbossweb-1.0.13.jar
atmosphere-compat-tomcat-1.0.13.jar
atmosphere-compat-tomcat7-1.0.13.jar
atmosphere-runtime-1.0.13.jar
barbecue-1.5-beta1.jar
commons-codec-1.5.jar
commons-fileupload-1.3.jar
commons-io-2.4.jar
commons-logging-1.1.2.jar
itext-2.1.7.jar
javax.faces-2.1.23.jar
jcommon-1.0.16.jar
jdom-1.0.jar
jfreechart-1.0.13.jar
jstl-1.2.jar
juel-impl-2.2.6.jar
juel-spi-2.2.6.jar
log.rpt
netty-3.4.4.Final.jar
poi-3.9.jar
primefaces-4.0-SNAPSHOT.jar
primefaces-mobile-0.9.5-SNAPSHOT.jar
rome-1.0.jar
slf4j-api-1.6.1.jar
slf4j-simple-1.6.6.jar
